[handleMsg]:  {
  key: {
    remoteJid: '5491167256742@s.whatsapp.net',
    fromMe: false,
    id: '3EB09DAEEB06A8717377AE',
    participant: undefined
  },
  messageTimestamp: 1680112282,
  pushName: 'Maria Laura',
  message: Message {
    conversation: 'hola',
    messageContextInfo: MessageContextInfo {
      deviceListMetadata: [DeviceListMetadata],
      deviceListMetadataVersion: 2
    }
  },
  body: 'hola',
  from: '5491167256742'
}
[handleMsg]:  {
  key: {
    remoteJid: '5491167256742@s.whatsapp.net',
    fromMe: false,
    id: '3EB052C7A88E34198A0D9A',
    participant: undefined
  },
  messageTimestamp: 1680112331,
  pushName: 'Maria Laura',
  message: Message {
    conversation: 'hola',
    messageContextInfo: MessageContextInfo {
      deviceListMetadata: [DeviceListMetadata],
      deviceListMetadataVersion: 2
    }
  },
  body: 'hola',
  from: '5491167256742'
}
